<?xml version="1.0" encoding="UTF-8"?>
<testsuite xmlns:xsi="http://www.w3.org/2001/XMLSchema-instance" xsi:noNamespaceSchemaLocation="https://maven.apache.org/surefire/maven-surefire-plugin/xsd/surefire-test-report-3.0.xsd" version="3.0" name="TestSuite" time="5.211" tests="6" errors="0" skipped="0" failures="0">
  <properties>
    <property name="java.specification.version" value="17"/>
    <property name="sun.jnu.encoding" value="UTF-8"/>
    <property name="java.class.path" value="/Users/zmo-mc-vikasa-01/eclipse-workspace/Mavenjava/target/test-classes:/Users/zmo-mc-vikasa-01/eclipse-workspace/Mavenjava/target/classes:/Users/zmo-mc-vikasa-01/.m2/repository/io/appium/java-client/7.0.0/java-client-7.0.0.jar:/Users/zmo-mc-vikasa-01/.m2/repository/org/seleniumhq/selenium/selenium-support/3.141.59/selenium-support-3.141.59.jar:/Users/zmo-mc-vikasa-01/.m2/repository/org/seleniumhq/selenium/selenium-api/3.141.59/selenium-api-3.141.59.jar:/Users/zmo-mc-vikasa-01/.m2/repository/com/google/code/gson/gson/2.8.5/gson-2.8.5.jar:/Users/zmo-mc-vikasa-01/.m2/repository/org/apache/httpcomponents/httpclient/4.5.6/httpclient-4.5.6.jar:/Users/zmo-mc-vikasa-01/.m2/repository/org/apache/httpcomponents/httpcore/4.4.10/httpcore-4.4.10.jar:/Users/zmo-mc-vikasa-01/.m2/repository/commons-logging/commons-logging/1.2/commons-logging-1.2.jar:/Users/zmo-mc-vikasa-01/.m2/repository/commons-codec/commons-codec/1.10/commons-codec-1.10.jar:/Users/zmo-mc-vikasa-01/.m2/repository/cglib/cglib/3.2.8/cglib-3.2.8.jar:/Users/zmo-mc-vikasa-01/.m2/repository/org/ow2/asm/asm/6.2.1/asm-6.2.1.jar:/Users/zmo-mc-vikasa-01/.m2/repository/org/apache/ant/ant/1.10.3/ant-1.10.3.jar:/Users/zmo-mc-vikasa-01/.m2/repository/org/apache/ant/ant-launcher/1.10.3/ant-launcher-1.10.3.jar:/Users/zmo-mc-vikasa-01/.m2/repository/commons-validator/commons-validator/1.6/commons-validator-1.6.jar:/Users/zmo-mc-vikasa-01/.m2/repository/commons-beanutils/commons-beanutils/1.9.2/commons-beanutils-1.9.2.jar:/Users/zmo-mc-vikasa-01/.m2/repository/commons-digester/commons-digester/1.8.1/commons-digester-1.8.1.jar:/Users/zmo-mc-vikasa-01/.m2/repository/commons-collections/commons-collections/3.2.2/commons-collections-3.2.2.jar:/Users/zmo-mc-vikasa-01/.m2/repository/org/apache/commons/commons-lang3/3.8/commons-lang3-3.8.jar:/Users/zmo-mc-vikasa-01/.m2/repository/commons-io/commons-io/2.6/commons-io-2.6.jar:/Users/zmo-mc-vikasa-01/.m2/repository/org/springframework/spring-context/5.1.0.RELEASE/spring-context-5.1.0.RELEASE.jar:/Users/zmo-mc-vikasa-01/.m2/repository/org/springframework/spring-aop/5.1.0.RELEASE/spring-aop-5.1.0.RELEASE.jar:/Users/zmo-mc-vikasa-01/.m2/repository/org/springframework/spring-beans/5.1.0.RELEASE/spring-beans-5.1.0.RELEASE.jar:/Users/zmo-mc-vikasa-01/.m2/repository/org/springframework/spring-core/5.1.0.RELEASE/spring-core-5.1.0.RELEASE.jar:/Users/zmo-mc-vikasa-01/.m2/repository/org/springframework/spring-jcl/5.1.0.RELEASE/spring-jcl-5.1.0.RELEASE.jar:/Users/zmo-mc-vikasa-01/.m2/repository/org/springframework/spring-expression/5.1.0.RELEASE/spring-expression-5.1.0.RELEASE.jar:/Users/zmo-mc-vikasa-01/.m2/repository/org/aspectj/aspectjweaver/1.9.1/aspectjweaver-1.9.1.jar:/Users/zmo-mc-vikasa-01/.m2/repository/org/slf4j/slf4j-api/1.7.25/slf4j-api-1.7.25.jar:/Users/zmo-mc-vikasa-01/.m2/repository/org/seleniumhq/selenium/selenium-java/3.141.59/selenium-java-3.141.59.jar:/Users/zmo-mc-vikasa-01/.m2/repository/org/seleniumhq/selenium/selenium-chrome-driver/3.141.59/selenium-chrome-driver-3.141.59.jar:/Users/zmo-mc-vikasa-01/.m2/repository/org/seleniumhq/selenium/selenium-edge-driver/3.141.59/selenium-edge-driver-3.141.59.jar:/Users/zmo-mc-vikasa-01/.m2/repository/org/seleniumhq/selenium/selenium-firefox-driver/3.141.59/selenium-firefox-driver-3.141.59.jar:/Users/zmo-mc-vikasa-01/.m2/repository/org/seleniumhq/selenium/selenium-ie-driver/3.141.59/selenium-ie-driver-3.141.59.jar:/Users/zmo-mc-vikasa-01/.m2/repository/org/seleniumhq/selenium/selenium-opera-driver/3.141.59/selenium-opera-driver-3.141.59.jar:/Users/zmo-mc-vikasa-01/.m2/repository/org/seleniumhq/selenium/selenium-remote-driver/3.141.59/selenium-remote-driver-3.141.59.jar:/Users/zmo-mc-vikasa-01/.m2/repository/org/seleniumhq/selenium/selenium-safari-driver/3.141.59/selenium-safari-driver-3.141.59.jar:/Users/zmo-mc-vikasa-01/.m2/repository/net/bytebuddy/byte-buddy/1.8.15/byte-buddy-1.8.15.jar:/Users/zmo-mc-vikasa-01/.m2/repository/org/apache/commons/commons-exec/1.3/commons-exec-1.3.jar:/Users/zmo-mc-vikasa-01/.m2/repository/com/google/guava/guava/25.0-jre/guava-25.0-jre.jar:/Users/zmo-mc-vikasa-01/.m2/repository/com/google/code/findbugs/jsr305/1.3.9/jsr305-1.3.9.jar:/Users/zmo-mc-vikasa-01/.m2/repository/org/checkerframework/checker-compat-qual/2.0.0/checker-compat-qual-2.0.0.jar:/Users/zmo-mc-vikasa-01/.m2/repository/com/google/errorprone/error_prone_annotations/2.1.3/error_prone_annotations-2.1.3.jar:/Users/zmo-mc-vikasa-01/.m2/repository/com/google/j2objc/j2objc-annotations/1.1/j2objc-annotations-1.1.jar:/Users/zmo-mc-vikasa-01/.m2/repository/org/codehaus/mojo/animal-sniffer-annotations/1.14/animal-sniffer-annotations-1.14.jar:/Users/zmo-mc-vikasa-01/.m2/repository/com/squareup/okhttp3/okhttp/3.11.0/okhttp-3.11.0.jar:/Users/zmo-mc-vikasa-01/.m2/repository/com/squareup/okio/okio/1.14.0/okio-1.14.0.jar:/Users/zmo-mc-vikasa-01/.m2/repository/io/rest-assured/rest-assured/4.3.3/rest-assured-4.3.3.jar:/Users/zmo-mc-vikasa-01/.m2/repository/org/codehaus/groovy/groovy/3.0.7/groovy-3.0.7.jar:/Users/zmo-mc-vikasa-01/.m2/repository/org/codehaus/groovy/groovy-xml/3.0.7/groovy-xml-3.0.7.jar:/Users/zmo-mc-vikasa-01/.m2/repository/org/apache/httpcomponents/httpmime/4.5.3/httpmime-4.5.3.jar:/Users/zmo-mc-vikasa-01/.m2/repository/org/hamcrest/hamcrest/2.1/hamcrest-2.1.jar:/Users/zmo-mc-vikasa-01/.m2/repository/org/ccil/cowan/tagsoup/tagsoup/1.2.1/tagsoup-1.2.1.jar:/Users/zmo-mc-vikasa-01/.m2/repository/io/rest-assured/json-path/4.3.3/json-path-4.3.3.jar:/Users/zmo-mc-vikasa-01/.m2/repository/org/codehaus/groovy/groovy-json/3.0.7/groovy-json-3.0.7.jar:/Users/zmo-mc-vikasa-01/.m2/repository/io/rest-assured/rest-assured-common/4.3.3/rest-assured-common-4.3.3.jar:/Users/zmo-mc-vikasa-01/.m2/repository/io/rest-assured/xml-path/4.3.3/xml-path-4.3.3.jar:/Users/zmo-mc-vikasa-01/.m2/repository/jakarta/xml/bind/jakarta.xml.bind-api/2.3.3/jakarta.xml.bind-api-2.3.3.jar:/Users/zmo-mc-vikasa-01/.m2/repository/jakarta/activation/jakarta.activation-api/1.2.2/jakarta.activation-api-1.2.2.jar:/Users/zmo-mc-vikasa-01/.m2/repository/com/sun/xml/bind/jaxb-impl/2.3.3/jaxb-impl-2.3.3.jar:/Users/zmo-mc-vikasa-01/.m2/repository/org/testng/testng/7.4.0/testng-7.4.0.jar:/Users/zmo-mc-vikasa-01/.m2/repository/com/beust/jcommander/1.78/jcommander-1.78.jar:/Users/zmo-mc-vikasa-01/.m2/repository/org/webjars/jquery/3.5.1/jquery-3.5.1.jar:"/>
    <property name="java.vm.vendor" value="Oracle Corporation"/>
    <property name="sun.arch.data.model" value="64"/>
    <property name="java.vendor.url" value="https://java.oracle.com/"/>
    <property name="user.timezone" value="Asia/Kolkata"/>
    <property name="os.name" value="Mac OS X"/>
    <property name="java.vm.specification.version" value="17"/>
    <property name="sun.java.launcher" value="SUN_STANDARD"/>
    <property name="user.country" value="IN"/>
    <property name="sun.boot.library.path" value="/Library/Java/JavaVirtualMachines/jdk-17.0.1.jdk/Contents/Home/lib"/>
    <property name="sun.java.command" value="/Users/zmo-mc-vikasa-01/eclipse-workspace/Mavenjava/target/surefire/surefirebooter13749277848246259804.jar /Users/zmo-mc-vikasa-01/eclipse-workspace/Mavenjava/target/surefire 2021-12-02T10-15-39_720-jvmRun1 surefire185764563803879438tmp surefire_04444032662840053124tmp"/>
    <property name="http.nonProxyHosts" value="local|*.local|169.254/16|*.169.254/16"/>
    <property name="jdk.debug" value="release"/>
    <property name="surefire.test.class.path" value="/Users/zmo-mc-vikasa-01/eclipse-workspace/Mavenjava/target/test-classes:/Users/zmo-mc-vikasa-01/eclipse-workspace/Mavenjava/target/classes:/Users/zmo-mc-vikasa-01/.m2/repository/io/appium/java-client/7.0.0/java-client-7.0.0.jar:/Users/zmo-mc-vikasa-01/.m2/repository/org/seleniumhq/selenium/selenium-support/3.141.59/selenium-support-3.141.59.jar:/Users/zmo-mc-vikasa-01/.m2/repository/org/seleniumhq/selenium/selenium-api/3.141.59/selenium-api-3.141.59.jar:/Users/zmo-mc-vikasa-01/.m2/repository/com/google/code/gson/gson/2.8.5/gson-2.8.5.jar:/Users/zmo-mc-vikasa-01/.m2/repository/org/apache/httpcomponents/httpclient/4.5.6/httpclient-4.5.6.jar:/Users/zmo-mc-vikasa-01/.m2/repository/org/apache/httpcomponents/httpcore/4.4.10/httpcore-4.4.10.jar:/Users/zmo-mc-vikasa-01/.m2/repository/commons-logging/commons-logging/1.2/commons-logging-1.2.jar:/Users/zmo-mc-vikasa-01/.m2/repository/commons-codec/commons-codec/1.10/commons-codec-1.10.jar:/Users/zmo-mc-vikasa-01/.m2/repository/cglib/cglib/3.2.8/cglib-3.2.8.jar:/Users/zmo-mc-vikasa-01/.m2/repository/org/ow2/asm/asm/6.2.1/asm-6.2.1.jar:/Users/zmo-mc-vikasa-01/.m2/repository/org/apache/ant/ant/1.10.3/ant-1.10.3.jar:/Users/zmo-mc-vikasa-01/.m2/repository/org/apache/ant/ant-launcher/1.10.3/ant-launcher-1.10.3.jar:/Users/zmo-mc-vikasa-01/.m2/repository/commons-validator/commons-validator/1.6/commons-validator-1.6.jar:/Users/zmo-mc-vikasa-01/.m2/repository/commons-beanutils/commons-beanutils/1.9.2/commons-beanutils-1.9.2.jar:/Users/zmo-mc-vikasa-01/.m2/repository/commons-digester/commons-digester/1.8.1/commons-digester-1.8.1.jar:/Users/zmo-mc-vikasa-01/.m2/repository/commons-collections/commons-collections/3.2.2/commons-collections-3.2.2.jar:/Users/zmo-mc-vikasa-01/.m2/repository/org/apache/commons/commons-lang3/3.8/commons-lang3-3.8.jar:/Users/zmo-mc-vikasa-01/.m2/repository/commons-io/commons-io/2.6/commons-io-2.6.jar:/Users/zmo-mc-vikasa-01/.m2/repository/org/springframework/spring-context/5.1.0.RELEASE/spring-context-5.1.0.RELEASE.jar:/Users/zmo-mc-vikasa-01/.m2/repository/org/springframework/spring-aop/5.1.0.RELEASE/spring-aop-5.1.0.RELEASE.jar:/Users/zmo-mc-vikasa-01/.m2/repository/org/springframework/spring-beans/5.1.0.RELEASE/spring-beans-5.1.0.RELEASE.jar:/Users/zmo-mc-vikasa-01/.m2/repository/org/springframework/spring-core/5.1.0.RELEASE/spring-core-5.1.0.RELEASE.jar:/Users/zmo-mc-vikasa-01/.m2/repository/org/springframework/spring-jcl/5.1.0.RELEASE/spring-jcl-5.1.0.RELEASE.jar:/Users/zmo-mc-vikasa-01/.m2/repository/org/springframework/spring-expression/5.1.0.RELEASE/spring-expression-5.1.0.RELEASE.jar:/Users/zmo-mc-vikasa-01/.m2/repository/org/aspectj/aspectjweaver/1.9.1/aspectjweaver-1.9.1.jar:/Users/zmo-mc-vikasa-01/.m2/repository/org/slf4j/slf4j-api/1.7.25/slf4j-api-1.7.25.jar:/Users/zmo-mc-vikasa-01/.m2/repository/org/seleniumhq/selenium/selenium-java/3.141.59/selenium-java-3.141.59.jar:/Users/zmo-mc-vikasa-01/.m2/repository/org/seleniumhq/selenium/selenium-chrome-driver/3.141.59/selenium-chrome-driver-3.141.59.jar:/Users/zmo-mc-vikasa-01/.m2/repository/org/seleniumhq/selenium/selenium-edge-driver/3.141.59/selenium-edge-driver-3.141.59.jar:/Users/zmo-mc-vikasa-01/.m2/repository/org/seleniumhq/selenium/selenium-firefox-driver/3.141.59/selenium-firefox-driver-3.141.59.jar:/Users/zmo-mc-vikasa-01/.m2/repository/org/seleniumhq/selenium/selenium-ie-driver/3.141.59/selenium-ie-driver-3.141.59.jar:/Users/zmo-mc-vikasa-01/.m2/repository/org/seleniumhq/selenium/selenium-opera-driver/3.141.59/selenium-opera-driver-3.141.59.jar:/Users/zmo-mc-vikasa-01/.m2/repository/org/seleniumhq/selenium/selenium-remote-driver/3.141.59/selenium-remote-driver-3.141.59.jar:/Users/zmo-mc-vikasa-01/.m2/repository/org/seleniumhq/selenium/selenium-safari-driver/3.141.59/selenium-safari-driver-3.141.59.jar:/Users/zmo-mc-vikasa-01/.m2/repository/net/bytebuddy/byte-buddy/1.8.15/byte-buddy-1.8.15.jar:/Users/zmo-mc-vikasa-01/.m2/repository/org/apache/commons/commons-exec/1.3/commons-exec-1.3.jar:/Users/zmo-mc-vikasa-01/.m2/repository/com/google/guava/guava/25.0-jre/guava-25.0-jre.jar:/Users/zmo-mc-vikasa-01/.m2/repository/com/google/code/findbugs/jsr305/1.3.9/jsr305-1.3.9.jar:/Users/zmo-mc-vikasa-01/.m2/repository/org/checkerframework/checker-compat-qual/2.0.0/checker-compat-qual-2.0.0.jar:/Users/zmo-mc-vikasa-01/.m2/repository/com/google/errorprone/error_prone_annotations/2.1.3/error_prone_annotations-2.1.3.jar:/Users/zmo-mc-vikasa-01/.m2/repository/com/google/j2objc/j2objc-annotations/1.1/j2objc-annotations-1.1.jar:/Users/zmo-mc-vikasa-01/.m2/repository/org/codehaus/mojo/animal-sniffer-annotations/1.14/animal-sniffer-annotations-1.14.jar:/Users/zmo-mc-vikasa-01/.m2/repository/com/squareup/okhttp3/okhttp/3.11.0/okhttp-3.11.0.jar:/Users/zmo-mc-vikasa-01/.m2/repository/com/squareup/okio/okio/1.14.0/okio-1.14.0.jar:/Users/zmo-mc-vikasa-01/.m2/repository/io/rest-assured/rest-assured/4.3.3/rest-assured-4.3.3.jar:/Users/zmo-mc-vikasa-01/.m2/repository/org/codehaus/groovy/groovy/3.0.7/groovy-3.0.7.jar:/Users/zmo-mc-vikasa-01/.m2/repository/org/codehaus/groovy/groovy-xml/3.0.7/groovy-xml-3.0.7.jar:/Users/zmo-mc-vikasa-01/.m2/repository/org/apache/httpcomponents/httpmime/4.5.3/httpmime-4.5.3.jar:/Users/zmo-mc-vikasa-01/.m2/repository/org/hamcrest/hamcrest/2.1/hamcrest-2.1.jar:/Users/zmo-mc-vikasa-01/.m2/repository/org/ccil/cowan/tagsoup/tagsoup/1.2.1/tagsoup-1.2.1.jar:/Users/zmo-mc-vikasa-01/.m2/repository/io/rest-assured/json-path/4.3.3/json-path-4.3.3.jar:/Users/zmo-mc-vikasa-01/.m2/repository/org/codehaus/groovy/groovy-json/3.0.7/groovy-json-3.0.7.jar:/Users/zmo-mc-vikasa-01/.m2/repository/io/rest-assured/rest-assured-common/4.3.3/rest-assured-common-4.3.3.jar:/Users/zmo-mc-vikasa-01/.m2/repository/io/rest-assured/xml-path/4.3.3/xml-path-4.3.3.jar:/Users/zmo-mc-vikasa-01/.m2/repository/jakarta/xml/bind/jakarta.xml.bind-api/2.3.3/jakarta.xml.bind-api-2.3.3.jar:/Users/zmo-mc-vikasa-01/.m2/repository/jakarta/activation/jakarta.activation-api/1.2.2/jakarta.activation-api-1.2.2.jar:/Users/zmo-mc-vikasa-01/.m2/repository/com/sun/xml/bind/jaxb-impl/2.3.3/jaxb-impl-2.3.3.jar:/Users/zmo-mc-vikasa-01/.m2/repository/org/testng/testng/7.4.0/testng-7.4.0.jar:/Users/zmo-mc-vikasa-01/.m2/repository/com/beust/jcommander/1.78/jcommander-1.78.jar:/Users/zmo-mc-vikasa-01/.m2/repository/org/webjars/jquery/3.5.1/jquery-3.5.1.jar:"/>
    <property name="sun.cpu.endian" value="little"/>
    <property name="user.home" value="/Users/zmo-mc-vikasa-01"/>
    <property name="user.language" value="en"/>
    <property name="java.specification.vendor" value="Oracle Corporation"/>
    <property name="java.version.date" value="2021-10-19"/>
    <property name="java.home" value="/Library/Java/JavaVirtualMachines/jdk-17.0.1.jdk/Contents/Home"/>
    <property name="file.separator" value="/"/>
    <property name="basedir" value="/Users/zmo-mc-vikasa-01/eclipse-workspace/Mavenjava"/>
    <property name="java.vm.compressedOopsMode" value="Zero based"/>
    <property name="line.separator" value="&#10;"/>
    <property name="java.specification.name" value="Java Platform API Specification"/>
    <property name="java.vm.specification.vendor" value="Oracle Corporation"/>
    <property name="surefire.real.class.path" value="/Users/zmo-mc-vikasa-01/eclipse-workspace/Mavenjava/target/surefire/surefirebooter13749277848246259804.jar"/>
    <property name="sun.management.compiler" value="HotSpot 64-Bit Tiered Compilers"/>
    <property name="ftp.nonProxyHosts" value="local|*.local|169.254/16|*.169.254/16"/>
    <property name="java.runtime.version" value="17.0.1+12-LTS-39"/>
    <property name="user.name" value="zmo-mc-vikasa-01"/>
    <property name="path.separator" value=":"/>
    <property name="os.version" value="11.6.1"/>
    <property name="java.runtime.name" value="Java(TM) SE Runtime Environment"/>
    <property name="file.encoding" value="UTF-8"/>
    <property name="java.vm.name" value="Java HotSpot(TM) 64-Bit Server VM"/>
    <property name="localRepository" value="/Users/zmo-mc-vikasa-01/.m2/repository"/>
    <property name="java.vendor.url.bug" value="https://bugreport.java.com/bugreport/"/>
    <property name="java.io.tmpdir" value="/var/folders/1q/nstw4m0j0y98g34splc2x1zh0000gn/T/"/>
    <property name="java.version" value="17.0.1"/>
    <property name="user.dir" value="/Users/zmo-mc-vikasa-01/eclipse-workspace/Mavenjava"/>
    <property name="os.arch" value="aarch64"/>
    <property name="java.vm.specification.name" value="Java Virtual Machine Specification"/>
    <property name="native.encoding" value="UTF-8"/>
    <property name="java.library.path" value="/Users/zmo-mc-vikasa-01/Library/Java/Extensions:/Library/Java/Extensions:/Network/Library/Java/Extensions:/System/Library/Java/Extensions:/usr/lib/java:."/>
    <property name="java.vm.info" value="mixed mode, sharing"/>
    <property name="java.vendor" value="Oracle Corporation"/>
    <property name="java.vm.version" value="17.0.1+12-LTS-39"/>
    <property name="sun.io.unicode.encoding" value="UnicodeBig"/>
    <property name="socksNonProxyHosts" value="local|*.local|169.254/16|*.169.254/16"/>
    <property name="java.class.version" value="61.0"/>
  </properties>
  <testcase name="IOSApp" classname="qacourse.AppiumTest" time="0.002">
    <system-out><![CDATA[IOSApp
]]></system-out>
  </testcase>
  <testcase name="NativeApp" classname="qacourse.AppiumTest" time="0">
    <system-out><![CDATA[NativeApp
]]></system-out>
  </testcase>
  <testcase name="elementUi" classname="qacourse.RestApiTest" time="0">
    <system-out><![CDATA[elementUi
]]></system-out>
  </testcase>
  <testcase name="postJira" classname="qacourse.RestApiTest" time="0">
    <system-out><![CDATA[postJira
]]></system-out>
  </testcase>
  <testcase name="Browser" classname="qacourse.SeleniumTest" time="0">
    <system-out><![CDATA[Browser
]]></system-out>
  </testcase>
  <testcase name="deleteTwitter" classname="qacourse.SeleniumTest" time="0">
    <system-out><![CDATA[deleteTwitter
]]></system-out>
  </testcase>
</testsuite>