<?xml version="1.0" encoding="UTF-8"?>
<!-- Generated by org.testng.reporters.JUnitReportReporter -->
<testsuite hostname="ZMO-MC-VikasA-01s-Mac-mini.local" failures="0" tests="2" name="qacourse.AppiumTest" time="0.001" errors="0" timestamp="2021-12-02T10:15:45 IST" skipped="0">
  <testcase classname="qacourse.AppiumTest" name="NativeApp" time="0.000"/>
  <system-out/>
  <testcase classname="qacourse.AppiumTest" name="IOSApp" time="0.001"/>
  <system-out/>
</testsuite> <!-- qacourse.AppiumTest -->
