<?xml version="1.0" encoding="UTF-8"?>
<!-- Generated by org.testng.reporters.JUnitReportReporter -->
<testsuite hostname="ZMO-MC-VikasA-01s-Mac-mini.local" failures="0" tests="2" name="qacourse.RestApiTest" time="0.000" errors="0" timestamp="2021-12-02T10:15:45 IST" skipped="0">
  <testcase classname="qacourse.RestApiTest" name="postJira" time="0.000"/>
  <system-out/>
  <testcase classname="qacourse.RestApiTest" name="elementUi" time="0.000"/>
  <system-out/>
</testsuite> <!-- qacourse.RestApiTest -->
